2025-11-17T13:06:08+00:00 ERROR Key Id and Key Secret are required.
2025-11-17T13:06:08+00:00 INFO Trying to create one_cc_address_sync_cron
2025-11-17T13:06:08+00:00 INFO Failed to create one_cc_address_sync_cron as invalid one cc merchant
2025-11-17T13:06:08+00:00 INFO Attempting to delete one_cc_address_sync_cron, status: cancelled, message: invalid_1cc_merchant
2025-11-17T13:06:08+00:00 INFO Deleted one_cc_address_sync_cron  if exists
2025-11-17T13:06:08+00:00 INFO updateAddressSyncCronData: status=cancelled, message=invalid_1cc_merchant, cronStatus=deleted
2025-11-17T13:06:08+00:00 INFO updateAddressSyncCronData:530 - Updating option: ONE_CC_ADDRESS_SYNC_CRON_HOOK
2025-11-17T13:06:08+00:00 INFO updateAddressSyncCronData:532 -  Successfully Updated Option: ONE_CC_ADDRESS_SYNC_CRON_HOOK
2025-11-17T13:06:08+00:00 INFO create one_cc_plugin_sync_cron successful
2025-11-17T13:09:40+00:00 INFO Running webhook cron.
2025-11-17T13:09:40+00:00 INFO Webhook cron execution completed.
2025-11-17T13:11:21+00:00 INFO Called process_payment with params order_id 71
2025-11-17T13:11:21+00:00 INFO Set transient with key razorpay_wc_order_id params order_id 71
2025-11-17T13:11:24+00:00 INFO getRazorpayPaymentParams 71
2025-11-17T13:11:24+00:00 INFO createOrGetRazorpayOrderId 71 and is1ccCheckout is set to no
2025-11-17T13:11:24+00:00 INFO Called createOrGetRazorpayOrderId with params orderId 71 and is_magic_checkout_order is set to no
2025-11-17T13:11:24+00:00 INFO razorpayOrderId  | sessionKey razorpay_order_id71
2025-11-17T13:11:24+00:00 INFO Called createRazorpayOrderId with params orderId 71 and sessionKey razorpay_order_id71
2025-11-17T13:11:24+00:00 INFO Called getOrderCreationData with params orderId 71
2025-11-17T13:11:24+00:00 INFO Called getOrderCreationData with params orderId 71 and is1ccOrder is set to no
2025-11-17T13:11:24+00:00 INFO For order 71
2025-11-17T13:11:24+00:00 INFO {"receipt":"71","amount":335328,"currency":"INR","payment_capture":1,"app_offer":0,"notes":{"woocommerce_order_id":"71","woocommerce_order_number":"71"}}
2025-11-17T13:11:25+00:00 INFO rzp order error Authentication failed
2025-11-17T13:14:54+00:00 INFO Running webhook cron.
2025-11-17T13:14:54+00:00 INFO Webhook cron execution completed.
2025-11-17T13:19:47+00:00 INFO Running webhook cron.
2025-11-17T13:19:47+00:00 INFO Webhook cron execution completed.
2025-11-17T13:24:48+00:00 INFO Running webhook cron.
2025-11-17T13:24:48+00:00 INFO Webhook cron execution completed.
2025-11-17T13:31:01+00:00 INFO Running webhook cron.
2025-11-17T13:31:01+00:00 INFO Webhook cron execution completed.
2025-11-17T13:35:03+00:00 INFO Running webhook cron.
2025-11-17T13:35:03+00:00 INFO Webhook cron execution completed.
2025-11-17T13:41:07+00:00 INFO Running webhook cron.
2025-11-17T13:41:07+00:00 INFO Webhook cron execution completed.
2025-11-17T13:48:53+00:00 INFO Running webhook cron.
2025-11-17T13:48:53+00:00 INFO Webhook cron execution completed.
2025-11-17T13:50:52+00:00 INFO Running webhook cron.
2025-11-17T13:50:53+00:00 INFO Webhook cron execution completed.
2025-11-17T13:54:56+00:00 INFO Running webhook cron.
2025-11-17T13:54:56+00:00 INFO Webhook cron execution completed.
2025-11-17T14:00:01+00:00 INFO Running webhook cron.
2025-11-17T14:00:01+00:00 INFO Webhook cron execution completed.
2025-11-17T14:02:42+00:00 ERROR Authentication failed
2025-11-17T14:04:44+00:00 INFO Running webhook cron.
2025-11-17T14:04:44+00:00 INFO Webhook cron execution completed.
2025-11-17T14:09:41+00:00 INFO Running webhook cron.
2025-11-17T14:09:41+00:00 INFO Webhook cron execution completed.
2025-11-17T14:14:50+00:00 INFO Running webhook cron.
2025-11-17T14:14:50+00:00 INFO Webhook cron execution completed.
2025-11-17T14:15:00+00:00 INFO Running webhook cron.
2025-11-17T14:15:00+00:00 INFO Webhook cron execution completed.
2025-11-17T14:19:45+00:00 INFO Running webhook cron.
2025-11-17T14:19:45+00:00 INFO Webhook cron execution completed.
2025-11-17T14:24:40+00:00 INFO Running webhook cron.
2025-11-17T14:24:40+00:00 INFO Webhook cron execution completed.
2025-11-17T14:29:45+00:00 INFO Running webhook cron.
2025-11-17T14:29:45+00:00 INFO Webhook cron execution completed.
2025-11-17T14:34:49+00:00 INFO Running webhook cron.
2025-11-17T14:34:49+00:00 INFO Webhook cron execution completed.
2025-11-17T14:39:43+00:00 INFO Running webhook cron.
2025-11-17T14:39:43+00:00 INFO Webhook cron execution completed.
2025-11-17T14:44:43+00:00 INFO Running webhook cron.
2025-11-17T14:44:43+00:00 INFO Webhook cron execution completed.
2025-11-17T14:49:43+00:00 INFO Running webhook cron.
2025-11-17T14:49:43+00:00 INFO Webhook cron execution completed.
2025-11-17T14:54:45+00:00 INFO Running webhook cron.
2025-11-17T14:54:45+00:00 INFO Webhook cron execution completed.
2025-11-17T14:59:50+00:00 INFO Running webhook cron.
2025-11-17T14:59:50+00:00 INFO Webhook cron execution completed.
2025-11-17T15:04:46+00:00 INFO Running webhook cron.
2025-11-17T15:04:46+00:00 INFO Webhook cron execution completed.
2025-11-17T15:09:42+00:00 INFO Running webhook cron.
2025-11-17T15:09:42+00:00 INFO Webhook cron execution completed.
2025-11-17T15:16:11+00:00 INFO Running webhook cron.
2025-11-17T15:16:11+00:00 INFO Webhook cron execution completed.
2025-11-17T15:20:14+00:00 INFO Running webhook cron.
2025-11-17T15:20:14+00:00 INFO Webhook cron execution completed.
2025-11-17T15:25:20+00:00 INFO Running webhook cron.
2025-11-17T15:25:20+00:00 INFO Webhook cron execution completed.
2025-11-17T15:31:35+00:00 INFO Running webhook cron.
2025-11-17T15:31:35+00:00 INFO Webhook cron execution completed.
2025-11-17T15:35:37+00:00 INFO Running webhook cron.
2025-11-17T15:35:37+00:00 INFO Webhook cron execution completed.
2025-11-17T15:41:37+00:00 INFO Running webhook cron.
2025-11-17T15:41:37+00:00 INFO Webhook cron execution completed.
2025-11-17T15:45:40+00:00 INFO Running webhook cron.
2025-11-17T15:45:40+00:00 INFO Webhook cron execution completed.
2025-11-17T15:49:42+00:00 INFO Running webhook cron.
2025-11-17T15:49:42+00:00 INFO Webhook cron execution completed.
2025-11-17T15:55:45+00:00 INFO Running webhook cron.
2025-11-17T15:55:45+00:00 INFO Webhook cron execution completed.
2025-11-17T16:00:30+00:00 INFO Running webhook cron.
2025-11-17T16:00:30+00:00 INFO Webhook cron execution completed.
2025-11-17T16:06:34+00:00 INFO Running webhook cron.
2025-11-17T16:06:34+00:00 INFO Webhook cron execution completed.
2025-11-17T16:10:35+00:00 INFO Running webhook cron.
2025-11-17T16:10:35+00:00 INFO Webhook cron execution completed.
2025-11-17T16:16:39+00:00 INFO Running webhook cron.
2025-11-17T16:16:39+00:00 INFO Webhook cron execution completed.
2025-11-17T16:20:41+00:00 INFO Running webhook cron.
2025-11-17T16:20:41+00:00 INFO Webhook cron execution completed.
2025-11-17T16:25:00+00:00 INFO Running webhook cron.
2025-11-17T16:25:00+00:00 INFO Webhook cron execution completed.
2025-11-17T16:30:37+00:00 INFO Running webhook cron.
2025-11-17T16:30:37+00:00 INFO Webhook cron execution completed.
2025-11-17T16:34:39+00:00 INFO Running webhook cron.
2025-11-17T16:34:39+00:00 INFO Webhook cron execution completed.
