2025-11-17T11:54:36+00:00 DEBUG #6495 - [New Request] POST /tnagri/wp-json/wc-admin/onboarding/profile
2025-11-17T11:54:36+00:00 DEBUG #6495 - Webhook lock acquired for 'register'.
2025-11-17T11:54:36+00:00 DEBUG #6495 - Webhook operation 'register' started.
2025-11-17T11:54:37+00:00 DEBUG #6495 - GET https://api.woocommerce.com/integrations/ppc/v1/notifications/webhooks
Response: Array
(
    [code] => 404
    [message] => Not Found
)

Response Body: {"statusCode":404,"error":"Not Found","message":"Not Found"}

2025-11-17T11:54:37+00:00 ERROR #6495 - Failed to delete webhooks: [Error] Not Found
2025-11-17T11:54:37+00:00 INFO #6495 - Webhooks deleted.
2025-11-17T11:54:38+00:00 DEBUG #6495 - POST https://api.woocommerce.com/integrations/ppc/v1/notifications/webhooks
Request Body: {"url":"https:\/\/localhost\/tnagri\/wp-json\/paypal\/v1\/incoming","event_types":[{"name":"CHECKOUT.ORDER.APPROVED"},{"name":"CHECKOUT.ORDER.COMPLETED"},{"name":"CHECKOUT.PAYMENT-APPROVAL.REVERSED"},{"name":"PAYMENT.CAPTURE.REFUNDED"},{"name":"PAYMENT.AUTHORIZATION.VOIDED"},{"name":"PAYMENT.CAPTURE.REVERSED"},{"name":"PAYMENT.ORDER.CANCELLED"},{"name":"PAYMENT.CAPTURE.DENIED"},{"name":"PAYMENT.CAPTURE.COMPLETED"},{"name":"VAULT.PAYMENT-TOKEN.CREATED"},{"name":"VAULT.PAYMENT-TOKEN.DELETED"},{"name":"PAYMENT.CAPTURE.PENDING"},{"name":"PAYMENT.SALE.COMPLETED"},{"name":"PAYMENT.SALE.REFUNDED"},{"name":"BILLING.SUBSCRIPTION.CANCELLED"},{"name":"BILLING.PLAN.PRICING-CHANGE.ACTIVATED"},{"name":"CATALOG.PRODUCT.UPDATED"},{"name":"BILLING.PLAN.UPDATED"}]}
Response: Array
(
    [code] => 404
    [message] => Not Found
)

Response Body: {"statusCode":404,"error":"Not Found","message":"Not Found"}

2025-11-17T11:54:38+00:00 ERROR #6495 - Failed to subscribe webhooks: [Error] Not Found
2025-11-17T11:54:38+00:00 DEBUG #6495 - Webhook lock released for 'register'.
2025-11-17T12:13:55+00:00 DEBUG #3634 - [New Request] GET /tnagri/wp-admin/admin.php
2025-11-17T12:13:55+00:00 DEBUG #3634 - GET https://api.woocommerce.com/integrations/ppc/v1/customer/partners/K8SKZ36LQBWXJ/merchant-integrations/
Response: Array
(
    [code] => 404
    [message] => Not Found
)

Response Body: {"statusCode":404,"error":"Not Found","message":"Not Found"}

2025-11-17T12:13:55+00:00 WARNING #3634 - [Error] Not Found CONTEXT: {"args":{"method":"GET","headers":{"Authorization":"Bearer token","Content-Type":"application/json"}},"response":{"headers":{},"body":"{"statusCode":404,"error":"Not Found","message":"Not Found"}","response":{"code":404,"message":"Not Found"},"cookies":[],"filename":null,"http_response":{"data":null,"headers":null,"status":null}}}
2025-11-17T12:14:02+00:00 DEBUG #7678 - [New Request] GET /tnagri/wp-json/wc/v3/wc_paypal/webhooks
2025-11-17T12:14:02+00:00 DEBUG #7678 - GET https://api.woocommerce.com/integrations/ppc/v1/notifications/webhooks
Response: Array
(
    [code] => 404
    [message] => Not Found
)

Response Body: {"statusCode":404,"error":"Not Found","message":"Not Found"}

2025-11-17T12:53:22+00:00 DEBUG #8988 - [New Request] GET /tnagri/wp-admin/plugins.php
2025-11-17T12:53:22+00:00 DEBUG #8988 - Webhook lock acquired for 'unregister'.
2025-11-17T12:53:22+00:00 DEBUG #8988 - Webhook operation 'unregister' started.
2025-11-17T12:53:23+00:00 DEBUG #8988 - GET https://api.woocommerce.com/integrations/ppc/v1/notifications/webhooks
Response: Array
(
    [code] => 404
    [message] => Not Found
)

Response Body: {"statusCode":404,"error":"Not Found","message":"Not Found"}

2025-11-17T12:53:23+00:00 ERROR #8988 - Failed to delete webhooks: [Error] Not Found
2025-11-17T12:53:23+00:00 INFO #8988 - Webhooks deleted.
2025-11-17T12:53:23+00:00 DEBUG #8988 - Webhook lock released for 'unregister'.
